Copyright 1986-2019 Xilinx, Inc. All Rights Reserved.
-----------------------------------------------------------------------------------------
| Tool Version : Vivado v.2019.2 (win64) Build 2708876 Wed Nov  6 21:40:23 MST 2019
| Date         : Sun Jun  6 23:48:50 2021
| Host         : DESKTOP-J9LKVP9 running 64-bit major release  (build 9200)
| Command      : report_control_sets -verbose -file sig_gen_v1_0_control_sets_placed.rpt
| Design       : sig_gen_v1_0
| Device       : xc7a100t
-----------------------------------------------------------------------------------------

Control Set Information

Table of Contents
-----------------
1. Summary
2. Histogram
3. Flip-Flop Distribution
4. Detailed Control Set Information

1. Summary
----------

+----------------------------------------------------------+-------+
|                          Status                          | Count |
+----------------------------------------------------------+-------+
| Total control sets                                       |    32 |
|    Minimum number of control sets                        |    32 |
|    Addition due to synthesis replication                 |     0 |
|    Addition due to physical synthesis replication        |     0 |
| Unused register locations in slices containing registers |    12 |
+----------------------------------------------------------+-------+
* Control sets can be merged at opt_design using control_set_merge or merge_equivalent_drivers
** Run report_qor_suggestions for automated merging and remapping suggestions


2. Histogram
------------

+--------------------+-------+
|       Fanout       | Count |
+--------------------+-------+
| Total control sets |    32 |
| >= 0 to < 4        |     2 |
| >= 4 to < 6        |     0 |
| >= 6 to < 8        |     0 |
| >= 8 to < 10       |    28 |
| >= 10 to < 12      |     0 |
| >= 12 to < 14      |     0 |
| >= 14 to < 16      |     0 |
| >= 16              |     2 |
+--------------------+-------+
* Control sets can be remapped at either synth_design or opt_design


3. Flip-Flop Distribution
-------------------------

+--------------+-----------------------+------------------------+-----------------+--------------+
| Clock Enable | Synchronous Set/Reset | Asynchronous Set/Reset | Total Registers | Total Slices |
+--------------+-----------------------+------------------------+-----------------+--------------+
| No           | No                    | No                     |               0 |            0 |
| No           | No                    | Yes                    |              40 |           17 |
| No           | Yes                   | No                     |               6 |            2 |
| Yes          | No                    | No                     |               0 |            0 |
| Yes          | No                    | Yes                    |               0 |            0 |
| Yes          | Yes                   | No                     |             262 |          163 |
+--------------+-----------------------+------------------------+-----------------+--------------+


4. Detailed Control Set Information
-----------------------------------

+-------------------------+------------------------------------------------+-------------------------------------------------+------------------+----------------+
|       Clock Signal      |                  Enable Signal                 |                 Set/Reset Signal                | Slice Load Count | Bel Load Count |
+-------------------------+------------------------------------------------+-------------------------------------------------+------------------+----------------+
|  s00_axi_aclk_IBUF_BUFG | sig_gen_v1_0_S00_AXI_inst/axi_awready0         | sig_gen_v1_0_S00_AXI_inst/nolabel_line445/SR[0] |                1 |              3 |
|  s00_axi_aclk_IBUF_BUFG | sig_gen_v1_0_S00_AXI_inst/axi_arready0         | sig_gen_v1_0_S00_AXI_inst/nolabel_line445/SR[0] |                1 |              3 |
|  s00_axi_aclk_IBUF_BUFG | sig_gen_v1_0_S00_AXI_inst/slv_reg2[31]_i_1_n_0 | sig_gen_v1_0_S00_AXI_inst/nolabel_line445/SR[0] |                3 |              8 |
|  s00_axi_aclk_IBUF_BUFG | sig_gen_v1_0_S00_AXI_inst/slv_reg3[23]_i_1_n_0 | sig_gen_v1_0_S00_AXI_inst/nolabel_line445/SR[0] |                5 |              8 |
|  s00_axi_aclk_IBUF_BUFG | sig_gen_v1_0_S00_AXI_inst/slv_reg4[15]_i_1_n_0 | sig_gen_v1_0_S00_AXI_inst/nolabel_line445/SR[0] |                5 |              8 |
|  s00_axi_aclk_IBUF_BUFG | sig_gen_v1_0_S00_AXI_inst/slv_reg4[23]_i_1_n_0 | sig_gen_v1_0_S00_AXI_inst/nolabel_line445/SR[0] |                7 |              8 |
|  s00_axi_aclk_IBUF_BUFG | sig_gen_v1_0_S00_AXI_inst/slv_reg4[7]_i_1_n_0  | sig_gen_v1_0_S00_AXI_inst/nolabel_line445/SR[0] |                2 |              8 |
|  s00_axi_aclk_IBUF_BUFG | sig_gen_v1_0_S00_AXI_inst/slv_reg5[15]_i_1_n_0 | sig_gen_v1_0_S00_AXI_inst/nolabel_line445/SR[0] |                7 |              8 |
|  s00_axi_aclk_IBUF_BUFG | sig_gen_v1_0_S00_AXI_inst/slv_reg2[15]_i_1_n_0 | sig_gen_v1_0_S00_AXI_inst/nolabel_line445/SR[0] |                5 |              8 |
|  s00_axi_aclk_IBUF_BUFG | sig_gen_v1_0_S00_AXI_inst/slv_reg3[7]_i_1_n_0  | sig_gen_v1_0_S00_AXI_inst/nolabel_line445/SR[0] |                4 |              8 |
|  s00_axi_aclk_IBUF_BUFG | sig_gen_v1_0_S00_AXI_inst/slv_reg1[31]_i_1_n_0 | sig_gen_v1_0_S00_AXI_inst/nolabel_line445/SR[0] |                5 |              8 |
|  s00_axi_aclk_IBUF_BUFG | sig_gen_v1_0_S00_AXI_inst/slv_reg4[31]_i_1_n_0 | sig_gen_v1_0_S00_AXI_inst/nolabel_line445/SR[0] |                4 |              8 |
|  s00_axi_aclk_IBUF_BUFG | sig_gen_v1_0_S00_AXI_inst/slv_reg5[23]_i_1_n_0 | sig_gen_v1_0_S00_AXI_inst/nolabel_line445/SR[0] |                6 |              8 |
|  s00_axi_aclk_IBUF_BUFG | sig_gen_v1_0_S00_AXI_inst/slv_reg5[31]_i_1_n_0 | sig_gen_v1_0_S00_AXI_inst/nolabel_line445/SR[0] |                5 |              8 |
|  s00_axi_aclk_IBUF_BUFG | sig_gen_v1_0_S00_AXI_inst/slv_reg3[15]_i_1_n_0 | sig_gen_v1_0_S00_AXI_inst/nolabel_line445/SR[0] |                7 |              8 |
|  s00_axi_aclk_IBUF_BUFG | sig_gen_v1_0_S00_AXI_inst/slv_reg3[31]_i_1_n_0 | sig_gen_v1_0_S00_AXI_inst/nolabel_line445/SR[0] |                5 |              8 |
|  s00_axi_aclk_IBUF_BUFG | sig_gen_v1_0_S00_AXI_inst/slv_reg1[23]_i_1_n_0 | sig_gen_v1_0_S00_AXI_inst/nolabel_line445/SR[0] |                5 |              8 |
|  s00_axi_aclk_IBUF_BUFG | sig_gen_v1_0_S00_AXI_inst/slv_reg1[7]_i_1_n_0  | sig_gen_v1_0_S00_AXI_inst/nolabel_line445/SR[0] |                4 |              8 |
|  s00_axi_aclk_IBUF_BUFG | sig_gen_v1_0_S00_AXI_inst/slv_reg2[7]_i_1_n_0  | sig_gen_v1_0_S00_AXI_inst/nolabel_line445/SR[0] |                4 |              8 |
|  s00_axi_aclk_IBUF_BUFG | sig_gen_v1_0_S00_AXI_inst/slv_reg1[15]_i_1_n_0 | sig_gen_v1_0_S00_AXI_inst/nolabel_line445/SR[0] |                5 |              8 |
|  s00_axi_aclk_IBUF_BUFG | sig_gen_v1_0_S00_AXI_inst/slv_reg2[23]_i_1_n_0 | sig_gen_v1_0_S00_AXI_inst/nolabel_line445/SR[0] |                7 |              8 |
|  s00_axi_aclk_IBUF_BUFG | sig_gen_v1_0_S00_AXI_inst/p_1_in[31]           | sig_gen_v1_0_S00_AXI_inst/nolabel_line445/SR[0] |                4 |              8 |
|  s00_axi_aclk_IBUF_BUFG | sig_gen_v1_0_S00_AXI_inst/p_1_in[7]            | sig_gen_v1_0_S00_AXI_inst/nolabel_line445/SR[0] |                3 |              8 |
|  s00_axi_aclk_IBUF_BUFG | sig_gen_v1_0_S00_AXI_inst/p_1_in[23]           | sig_gen_v1_0_S00_AXI_inst/nolabel_line445/SR[0] |                5 |              8 |
|  s00_axi_aclk_IBUF_BUFG | sig_gen_v1_0_S00_AXI_inst/slv_reg6[15]_i_1_n_0 | sig_gen_v1_0_S00_AXI_inst/nolabel_line445/SR[0] |                5 |              8 |
|  s00_axi_aclk_IBUF_BUFG | sig_gen_v1_0_S00_AXI_inst/slv_reg6[7]_i_1_n_0  | sig_gen_v1_0_S00_AXI_inst/nolabel_line445/SR[0] |                2 |              8 |
|  s00_axi_aclk_IBUF_BUFG | sig_gen_v1_0_S00_AXI_inst/slv_reg6[23]_i_1_n_0 | sig_gen_v1_0_S00_AXI_inst/nolabel_line445/SR[0] |                5 |              8 |
|  s00_axi_aclk_IBUF_BUFG | sig_gen_v1_0_S00_AXI_inst/slv_reg6[31]_i_1_n_0 | sig_gen_v1_0_S00_AXI_inst/nolabel_line445/SR[0] |                6 |              8 |
|  s00_axi_aclk_IBUF_BUFG | sig_gen_v1_0_S00_AXI_inst/slv_reg5[7]_i_1_n_0  | sig_gen_v1_0_S00_AXI_inst/nolabel_line445/SR[0] |                4 |              8 |
|  s00_axi_aclk_IBUF_BUFG | sig_gen_v1_0_S00_AXI_inst/p_1_in[15]           | sig_gen_v1_0_S00_AXI_inst/nolabel_line445/SR[0] |                8 |              8 |
|  s00_axi_aclk_IBUF_BUFG | sig_gen_v1_0_S00_AXI_inst/slv_reg_rden__0      | sig_gen_v1_0_S00_AXI_inst/nolabel_line445/SR[0] |               24 |             32 |
|  s00_axi_aclk_IBUF_BUFG |                                                | sig_gen_v1_0_S00_AXI_inst/nolabel_line445/SR[0] |               19 |             46 |
+-------------------------+------------------------------------------------+-------------------------------------------------+------------------+----------------+


